<?xml version="1.0" encoding="UTF-8"?>
<!-- Generated by org.testng.reporters.JUnitReportReporter -->
<testsuite hostname="ASDP1728PO02529" name="com.training.Version2Test" tests="4" failures="0" timestamp="12 Jul 2017 10:07:23 GMT" time="3.300" errors="0">
  <testcase name="testing_roll_dice_movement_status" time="0.117" classname="com.training.Version2Test"/>
  <testcase name="checking_basic_Authentication" time="1.262" classname="com.training.Version2Test"/>
  <testcase name="testing_player_Status" time="0.792" classname="com.training.Version2Test"/>
  <testcase name="testing_board_status" time="1.129" classname="com.training.Version2Test"/>
</testsuite> <!-- com.training.Version2Test -->
